<?xml version="1.0" encoding="UTF-8"?>
<!-- Generated by org.testng.reporters.JUnitXMLReporter -->
<testsuite ignored="2" hostname="DESKTOP-GPKURBV" failures="0" tests="1" name="Test" time="0.033" errors="0" timestamp="16 May 2022 20:39:37 GMT">
  <testcase classname="com.dsalgo.Tests.BaseClass" name="@BeforeSuite setup" time="0.06">
    <failure type="java.lang.NoSuchMethodError" message="&amp;apos;void com.google.common.base.Preconditions.checkState(boolean, java.lang.String, java.lang.Object, java.lang.Object, java.lang.Object)&amp;apos;">
      <![CDATA[java.lang.NoSuchMethodError: 'void com.google.common.base.Preconditions.checkState(boolean, java.lang.String, java.lang.Object, java.lang.Object, java.lang.Object)'
at org.openqa.selenium.remote.service.DriverService.findExecutable(DriverService.java:134)
at org.openqa.selenium.chrome.ChromeDriverService.access$000(ChromeDriverService.java:35)
at org.openqa.selenium.chrome.ChromeDriverService$Builder.findDefaultExecutable(ChromeDriverService.java:159)
at org.openqa.selenium.remote.service.DriverService$Builder.build(DriverService.java:355)
at org.openqa.selenium.chrome.ChromeDriverService.createDefaultService(ChromeDriverService.java:94)
at org.openqa.selenium.chrome.ChromeDriver.<init>(ChromeDriver.java:123)
at com.dsalgo.Tests.BaseClass.setup(BaseClass.java:24)
... Removed 20 stack frames]]>
    </failure>
  </testcase> <!-- @BeforeSuite setup -->
  <testcase classname="com.dsalgo.Tests.testCases" name="init" time="0.0">
    <skipped/>
  </testcase> <!-- init -->
  <testcase classname="com.dsalgo.Tests.BaseClass" name="@AfterSuite teardown" time="0.0">
    <ignored/>
  </testcase> <!-- @AfterSuite teardown -->
  <testcase classname="com.dsalgo.Tests.BaseClass" name="@BeforeSuite setup" time="0.0">
    <ignored/>
  </testcase> <!-- @BeforeSuite setup -->
</testsuite> <!-- Test -->
